<?xml version="1.0" encoding="UTF-8"?>
<!-- Generated by org.testng.reporters.JUnitReportReporter -->
<testsuite hostname="DESKTOP-IN0MA0U" failures="0" tests="3" name="Toutorial.Demo4" time="10.010" errors="0" timestamp="25 Apr 2022 11:18:39 GMT">
  <testcase classname="Toutorial.Demo4" name="loginFunctinality" time="9.576"/>
  <testcase classname="Toutorial.Demo4" name="tearDown" time="0.408"/>
  <testcase classname="Toutorial.Demo4" name="verifyTitle" time="0.026"/>
</testsuite> <!-- Toutorial.Demo4 -->
