<?xml version="1.0" encoding="UTF-8"?>
<!-- Generated by org.testng.reporters.JUnitReportReporter -->
<testsuite hostname="DESKTOP-IN0MA0U" failures="0" tests="3" name="Toutorial.Demo5" time="0.022" errors="0" timestamp="30 May 2022 05:49:45 GMT">
  <testcase classname="Toutorial.Demo5" name="login" time="0.003"/>
  <testcase classname="Toutorial.Demo5" name="search" time="0.017"/>
  <testcase classname="Toutorial.Demo5" name="logout" time="0.002"/>
</testsuite> <!-- Toutorial.Demo5 -->
