<?xml version="1.0" encoding="UTF-8"?>
<!-- Generated by org.testng.reporters.JUnitReportReporter -->
<testsuite hostname="DESKTOP-IN0MA0U" failures="0" tests="3" name="Toutorial.Demo1" time="0.012" errors="0" timestamp="30 May 2022 12:20:37 GMT">
  <testcase classname="Toutorial.Demo1" name="xyz" time="0.004"/>
  <testcase classname="Toutorial.Demo1" name="abc" time="0.006"/>
  <testcase classname="Toutorial.Demo1" name="pqr" time="0.002"/>
</testsuite> <!-- Toutorial.Demo1 -->
