<?xml version="1.0" encoding="UTF-8"?>
<!-- Generated by org.testng.reporters.JUnitReportReporter -->
<testsuite hostname="DESKTOP-IN0MA0U" failures="0" tests="4" name="Toutorial.Demo2" time="0.025" errors="0" timestamp="8 Jun 2022 05:50:24 GMT">
  <testcase classname="Toutorial.Demo2" name="testd" time="0.002"/>
  <testcase classname="Toutorial.Demo2" name="testa" time="0.021"/>
  <testcase classname="Toutorial.Demo2" name="testb" time="0.001"/>
  <testcase classname="Toutorial.Demo2" name="testc" time="0.001"/>
</testsuite> <!-- Toutorial.Demo2 -->
